2022-09-18 14:06:58,348: INFO: ************** Test_001_Login **************
2022-09-18 14:06:58,368: INFO: ************** Verifying Home Page Title **************
2022-09-18 14:07:15,646: INFO: ************** Home Page title has passed **************
2022-09-18 14:07:21,430: INFO: ************** Verifying Login **************
2022-09-18 14:07:30,072: INFO: ************** Login has passed **************
2022-09-18 15:06:11,067: INFO: ************** Test_001_Login **************
2022-09-18 15:06:11,069: INFO: ************** Verifying Home Page Title **************
2022-09-18 15:06:12,794: INFO: ************** Home Page title has passed **************
2022-09-18 15:06:16,492: INFO: ************** Verifying Login **************
2022-09-18 15:06:20,109: INFO: ************** Login has passed **************
2022-09-18 15:13:17,047: INFO: ************** Test_001_Login **************
2022-09-18 15:13:17,048: INFO: ************** Verifying Home Page Title **************
2022-09-18 15:13:20,732: INFO: ************** Home Page title has passed **************
2022-09-18 15:13:26,700: INFO: ************** Verifying Login **************
2022-09-18 15:13:31,485: INFO: ************** Login has passed **************
2022-09-18 15:21:25,958: INFO: ************** Verifying Login **************
2022-09-18 15:21:26,318: INFO: ************** Test_001_Login **************
2022-09-18 15:21:26,318: INFO: ************** Verifying Home Page Title **************
2022-09-18 15:21:29,283: INFO: ************** Home Page title has passed **************
2022-09-18 15:21:32,314: INFO: ************** Login has passed **************
2022-09-18 15:48:51,399: INFO: ************** Test_001_Login **************
2022-09-18 15:48:51,400: INFO: ************** Verifying Home Page Title **************
2022-09-18 15:48:51,411: INFO: ************** Verifying Login **************
2022-09-18 15:48:58,798: INFO: ************** Home Page title has passed **************
2022-09-18 15:49:03,203: INFO: ************** Login has passed **************
2022-09-18 15:51:14,289: INFO: ************** Test_001_Login **************
2022-09-18 15:51:14,292: INFO: ************** Verifying Home Page Title **************
2022-09-18 15:51:14,366: INFO: ************** Verifying Login **************
2022-09-18 15:51:17,522: INFO: ************** Home Page title has passed **************
2022-09-18 15:51:20,519: INFO: ************** Login has passed **************
2022-09-20 15:16:05,188: INFO: ************** Test_001_Login **************
2022-09-20 15:16:05,225: INFO: ************** Verifying Home Page Title **************
2022-09-20 15:16:05,270: INFO: ************** Verifying Login **************
2022-09-20 15:16:07,395: INFO: ************** Home Page title has passed **************
2022-09-20 15:16:10,104: INFO: ************** Login has passed **************
2022-09-20 18:28:47,067: INFO: ************** Test_002_DDT_Login *************
2022-09-20 18:28:47,069: INFO: ************** Verifying Login DDT Test **************
2022-09-20 18:28:55,528: INFO: *** Passed ***
2022-09-20 18:29:01,739: INFO: *** Passed ***
2022-09-20 18:32:44,968: INFO: ************** Test_002_DDT_Login *************
2022-09-20 18:32:44,973: INFO: ************** Verifying Login DDT Test **************
2022-09-20 18:32:53,688: INFO: *** Passed ***
2022-09-20 18:32:59,916: INFO: *** Passed ***
2022-09-20 18:36:48,735: INFO: ************** Test_002_DDT_Login *************
2022-09-20 18:36:48,801: INFO: ************** Verifying Login DDT Test **************
2022-09-20 19:13:30,624: INFO: ************** Test_002_DDT_Login *************
2022-09-20 19:13:30,626: INFO: ************** Verifying Login DDT Test **************
2022-09-20 19:13:38,944: INFO: *** Passed ***
2022-09-20 19:13:45,073: INFO: *** Passed ***
2022-09-20 19:13:50,540: INFO: *** Passed ***
2022-09-20 19:13:56,160: INFO: *** Passed ***
2022-09-20 19:13:56,318: INFO: ************** Login DDT has passed **************
2022-09-20 19:13:56,319: INFO: ********** End of Login DDT Test ************
2022-09-20 19:13:56,319: INFO: ********** Completed Test_002_DDT_Login ************
2022-09-20 19:17:03,251: INFO: 000000000000000000000000000000000000000000000000
2022-09-20 19:17:03,349: INFO: ************** Test_002_DDT_Login *************
2022-09-20 19:17:03,349: INFO: ************** Verifying Login DDT Test **************
2022-09-20 19:17:13,592: INFO: *** Passed ***
2022-09-20 19:17:19,796: INFO: *** Passed ***
2022-09-20 19:17:25,305: INFO: *** Passed ***
2022-09-20 19:17:30,891: INFO: *** Passed ***
2022-09-20 19:17:31,091: INFO: ************** Login DDT has passed **************
2022-09-20 19:17:31,091: INFO: ********** Completed Test_002_DDT_Login ************
2022-09-20 19:39:23,291: INFO: 000000000000000000000000000000000000000000000000
2022-09-20 19:39:23,294: INFO: ************** Test_002_DDT_Login *************
2022-09-20 19:39:23,294: INFO: ************** Verifying Login DDT Test **************
2022-09-20 19:39:32,236: INFO: *** Passed ***
2022-09-20 19:39:38,400: INFO: *** Passed ***
2022-09-20 19:39:43,943: INFO: *** Passed ***
2022-09-20 19:39:49,564: INFO: *** Passed ***
2022-09-20 19:39:49,792: INFO: ************** Login DDT has passed **************
2022-09-20 19:39:49,793: INFO: ********** Completed Test_002_DDT_Login ************
2022-09-21 13:36:13,181: INFO: ************** Test_001_Login **************
2022-09-21 13:36:13,184: INFO: ************** Verifying Home Page Title **************
2022-09-21 13:36:14,441: INFO: ************** Home Page title has passed **************
2022-09-21 13:36:17,041: INFO: ************** Verifying Login **************
2022-09-21 13:36:21,343: ERROR: ************** Login title has failed **************
2022-09-21 13:39:09,818: INFO: ************** Test_001_Login **************
2022-09-21 13:39:09,823: INFO: ************** Verifying Home Page Title **************
2022-09-21 13:39:11,179: INFO: ************** Home Page title has passed **************
2022-09-21 13:39:13,655: INFO: ************** Verifying Login **************
2022-09-21 13:39:17,389: ERROR: ************** Login title has failed **************
2022-09-21 13:40:50,668: INFO: ************** Test_001_Login **************
2022-09-21 13:40:50,769: INFO: ************** Verifying Home Page Title **************
2022-09-21 13:40:52,191: ERROR: ************** Home Page title has failed **************
2022-09-21 13:40:55,234: INFO: ************** Verifying Login **************
2022-09-21 13:40:58,273: INFO: ************** Login has passed **************
2022-09-21 13:45:00,419: INFO: ************** Test_001_Login **************
2022-09-21 13:45:00,420: INFO: ************** Verifying Home Page Title **************
2022-09-21 13:45:01,999: ERROR: ************** Home Page title has failed **************
2022-09-21 13:45:04,804: INFO: ************** Verifying Login **************
2022-09-21 13:45:07,878: INFO: ************** Login has passed **************
2022-09-21 13:46:23,865: INFO: ************** Test_001_Login **************
2022-09-21 13:46:23,866: INFO: ************** Verifying Home Page Title **************
2022-09-21 13:46:25,360: ERROR: ************** Home Page title has failed **************
2022-09-21 13:46:27,879: INFO: ************** Verifying Login **************
2022-09-21 13:46:31,194: INFO: ************** Login has passed **************
2022-09-21 13:49:59,320: INFO: ************** Test_001_Login **************
2022-09-21 13:49:59,321: INFO: ************** Verifying Home Page Title **************
2022-09-21 13:50:00,728: ERROR: ************** Home Page title has failed **************
2022-09-21 13:50:03,343: INFO: ************** Verifying Login **************
2022-09-21 13:50:06,634: INFO: ************** Login has passed **************
2022-09-21 13:50:51,917: INFO: ************** Test_001_Login **************
2022-09-21 13:50:51,947: INFO: ************** Verifying Home Page Title **************
2022-09-21 13:50:53,444: ERROR: ************** Home Page title has failed **************
2022-09-21 13:50:56,348: INFO: ************** Verifying Login **************
2022-09-21 13:50:59,566: INFO: ************** Login has passed **************
2022-09-21 13:51:24,446: INFO: ************** Test_001_Login **************
2022-09-21 13:51:24,479: INFO: ************** Verifying Home Page Title **************
2022-09-21 13:51:26,196: ERROR: ************** Home Page title has failed **************
2022-09-21 13:51:28,997: INFO: ************** Verifying Login **************
2022-09-21 13:51:32,200: INFO: ************** Login has passed **************
2022-09-21 13:52:11,903: INFO: ************** Test_001_Login **************
2022-09-21 13:52:11,909: INFO: ************** Verifying Home Page Title **************
2022-09-21 13:52:13,361: ERROR: ************** Home Page title has failed **************
2022-09-21 13:52:16,115: INFO: ************** Verifying Login **************
2022-09-21 13:52:19,242: INFO: ************** Login has passed **************
2022-09-21 14:18:00,610: INFO: 000000000000000000000000000000000000000000000000
2022-09-21 14:18:00,613: INFO: ************** Test_003_AddCustomer *************
2022-09-21 14:18:00,614: INFO: ************** Logging in **************
2022-09-21 14:18:04,118: INFO: ************** Login Successful **************
2022-09-21 14:18:04,118: INFO: ************** Going to Customers Page **************
2022-09-21 14:18:05,594: INFO: ************** Adding New Customer **************
2022-09-21 14:18:18,930: INFO: ************** Verifying Customer is Added **************
2022-09-21 14:18:19,493: ERROR: ************** Adding Cutomer not Successful **************
2022-09-21 14:31:32,177: INFO: 000000000000000000000000000000000000000000000000
2022-09-21 14:31:32,210: INFO: ************** Test_003_AddCustomer *************
2022-09-21 14:31:32,211: INFO: ************** Logging in **************
2022-09-21 14:31:35,982: INFO: ************** Login Successful **************
2022-09-21 14:31:35,982: INFO: ************** Going to Customers Page **************
2022-09-21 14:31:37,679: INFO: ************** Adding New Customer **************
2022-09-21 14:33:47,773: INFO: 000000000000000000000000000000000000000000000000
2022-09-21 14:33:47,805: INFO: ************** Test_003_AddCustomer *************
2022-09-21 14:33:47,843: INFO: ************** Logging in **************
2022-09-21 14:33:51,144: INFO: ************** Login Successful **************
2022-09-21 14:33:51,144: INFO: ************** Going to Customers Page **************
2022-09-21 14:33:52,669: INFO: ************** Adding New Customer **************
2022-09-21 14:35:04,903: INFO: 000000000000000000000000000000000000000000000000
2022-09-21 14:35:04,936: INFO: ************** Test_003_AddCustomer *************
2022-09-21 14:35:04,997: INFO: ************** Logging in **************
2022-09-21 14:35:08,390: INFO: ************** Login Successful **************
2022-09-21 14:35:08,390: INFO: ************** Going to Customers Page **************
2022-09-21 14:35:09,785: INFO: ************** Adding New Customer **************
2022-09-21 14:35:27,624: INFO: ************** Verifying Customer is Added **************
2022-09-21 14:35:27,961: INFO: ************** Cutomer Successfully Added **************
2022-09-21 14:35:28,073: INFO: ************** Finished!!! Test_003_AddCustomer **************
2022-09-22 16:36:23,412: INFO: 000000000000000000000000000000000000000000000000
2022-09-22 16:36:23,423: INFO: ************** Test_004_SearchCustomer *************
2022-09-22 16:36:23,423: INFO: ************** test_searchCustomerByEmail *************
2022-09-22 16:36:25,008: INFO: ************** Logging In **************
2022-09-22 16:36:28,083: INFO: \/\/\/\/\/\/\/\/\/\/\/\/\/\/\/\/\/\/\/\/\/\/\/\/\/
2022-09-22 16:36:28,096: INFO: ************** test_searchCustomerByName *************
2022-09-22 16:36:29,763: INFO: ************** Logging In **************
2022-09-22 16:40:05,807: INFO: 000000000000000000000000000000000000000000000000
2022-09-22 16:40:05,834: INFO: ************** Test_004_SearchCustomer *************
2022-09-22 16:40:05,857: INFO: ************** test_searchCustomerByEmail *************
2022-09-22 16:40:07,370: INFO: ************** Logging In **************
2022-09-22 16:40:10,112: INFO: \/\/\/\/\/\/\/\/\/\/\/\/\/\/\/\/\/\/\/\/\/\/\/\/\/
2022-09-22 16:40:10,125: INFO: ************** test_searchCustomerByName *************
2022-09-22 16:40:11,327: INFO: ************** Logging In **************
2022-09-22 16:43:43,607: INFO: 000000000000000000000000000000000000000000000000
2022-09-22 16:43:43,612: INFO: ************** Test_004_SearchCustomer *************
2022-09-22 16:43:43,612: INFO: ************** test_searchCustomerByEmail *************
2022-09-22 16:43:44,657: INFO: ************** Logging In **************
2022-09-22 16:43:47,577: INFO: ************** Traveling to Customers Page **************
2022-09-22 16:43:49,354: INFO: ************** Searching Customer by Email **************
2022-09-22 16:43:52,508: INFO: \/\/\/\/\/\/\/\/\/\/\/\/\/\/\/\/\/\/\/\/\/\/\/\/\/
2022-09-22 16:43:52,513: INFO: ************** test_searchCustomerByName *************
2022-09-22 16:43:54,104: INFO: ************** Logging In **************
2022-09-22 16:46:43,696: INFO: 000000000000000000000000000000000000000000000000
2022-09-22 16:46:43,723: INFO: ************** Test_004_SearchCustomer *************
2022-09-22 16:46:43,745: INFO: ************** test_searchCustomerByEmail *************
2022-09-22 16:46:44,800: INFO: ************** Logging In **************
2022-09-22 16:46:47,658: INFO: ************** Traveling to Customers Page **************
2022-09-22 16:46:49,434: INFO: ************** Searching Customer by Email **************
2022-09-22 16:46:52,431: INFO: \/\/\/\/\/\/\/\/\/\/\/\/\/\/\/\/\/\/\/\/\/\/\/\/\/
2022-09-22 16:46:52,490: INFO: ************** test_searchCustomerByName *************
2022-09-22 16:46:54,128: INFO: ************** Logging In **************
2022-09-22 16:46:57,833: INFO: ************** Traveling to Customers Page **************
2022-09-22 16:47:09,632: INFO: ************** Searching Customer by Name **************
2022-09-22 16:48:50,670: INFO: 000000000000000000000000000000000000000000000000
2022-09-22 16:48:50,725: INFO: ************** Test_004_SearchCustomer *************
2022-09-22 16:48:50,742: INFO: ************** test_searchCustomerByEmail *************
2022-09-22 16:49:21,774: INFO: ************** Logging In **************
2022-09-22 16:49:36,633: INFO: ************** Traveling to Customers Page **************
2022-09-22 16:49:40,417: INFO: ************** Searching Customer by Email **************
2022-09-22 16:49:44,168: INFO: \/\/\/\/\/\/\/\/\/\/\/\/\/\/\/\/\/\/\/\/\/\/\/\/\/
2022-09-22 16:49:44,198: INFO: ************** test_searchCustomerByName *************
2022-09-22 16:49:45,856: INFO: ************** Logging In **************
2022-09-22 16:49:48,719: INFO: ************** Traveling to Customers Page **************
2022-09-22 16:49:51,062: INFO: ************** Searching Customer by Name **************
2022-09-22 17:03:13,439: INFO: 000000000000000000000000000000000000000000000000
2022-09-22 17:03:13,450: INFO: ************** Test_004_SearchCustomer *************
2022-09-22 17:03:13,473: INFO: ************** test_searchCustomerByEmail *************
2022-09-22 17:03:14,749: INFO: ************** Logging In **************
2022-09-22 17:03:18,286: INFO: ************** Traveling to Customers Page **************
2022-09-22 17:03:20,343: INFO: ************** Searching Customer by Email **************
2022-09-22 17:03:28,282: INFO: \/\/\/\/\/\/\/\/\/\/\/\/\/\/\/\/\/\/\/\/\/\/\/\/\/
2022-09-22 17:03:28,323: INFO: ************** test_searchCustomerByName *************
2022-09-22 17:03:29,261: INFO: ************** Logging In **************
2022-09-22 17:03:32,368: INFO: ************** Traveling to Customers Page **************
2022-09-22 17:03:34,615: INFO: ************** Searching Customer by Name **************
2022-09-22 17:07:13,402: INFO: 000000000000000000000000000000000000000000000000
2022-09-22 17:07:13,416: INFO: ************** Test_004_SearchCustomer *************
2022-09-22 17:07:13,416: INFO: ************** test_searchCustomerByEmail *************
2022-09-22 17:07:14,935: INFO: ************** Logging In **************
2022-09-22 17:07:19,914: INFO: ************** Traveling to Customers Page **************
2022-09-22 17:07:21,980: INFO: ************** Searching Customer by Email **************
2022-09-22 17:07:30,048: INFO: \/\/\/\/\/\/\/\/\/\/\/\/\/\/\/\/\/\/\/\/\/\/\/\/\/
2022-09-22 17:07:30,088: INFO: ************** test_searchCustomerByName *************
2022-09-22 17:07:31,222: INFO: ************** Logging In **************
2022-09-22 17:07:35,495: INFO: ************** Traveling to Customers Page **************
2022-09-22 17:07:37,788: INFO: ************** Searching Customer by Name **************
2022-09-22 17:07:38,370: INFO: ************** Searching Customer by Name Not Successful **************
2022-09-22 17:21:27,619: INFO: 000000000000000000000000000000000000000000000000
2022-09-22 17:21:27,623: INFO: ************** Test_004_SearchCustomer *************
2022-09-22 17:21:27,624: INFO: ************** test_searchCustomerByEmail *************
2022-09-22 17:21:28,715: INFO: ************** Logging In **************
2022-09-22 17:21:31,752: INFO: ************** Traveling to Customers Page **************
2022-09-22 17:21:33,460: INFO: ************** Searching Customer by Email **************
2022-09-22 17:21:41,501: INFO: \/\/\/\/\/\/\/\/\/\/\/\/\/\/\/\/\/\/\/\/\/\/\/\/\/
2022-09-22 17:21:41,519: INFO: ************** test_searchCustomerByName *************
2022-09-22 17:21:42,606: INFO: ************** Logging In **************
2022-09-22 17:21:45,276: INFO: ************** Traveling to Customers Page **************
2022-09-22 17:21:47,036: INFO: ************** Searching Customer by Name **************
2022-09-22 17:21:53,121: INFO: ************** Searching Customer by Name Not Successful **************
2022-09-22 17:42:18,929: INFO: 000000000000000000000000000000000000000000000000
2022-09-22 17:42:18,935: INFO: ************** Test_004_SearchCustomer *************
2022-09-22 17:42:18,936: INFO: ************** test_searchCustomerByEmail *************
2022-09-22 17:42:20,932: INFO: ************** Logging In **************
2022-09-22 17:42:24,092: INFO: ************** Traveling to Customers Page **************
2022-09-22 17:42:25,831: INFO: ************** Searching Customer by Email **************
2022-09-22 17:42:34,356: INFO: \/\/\/\/\/\/\/\/\/\/\/\/\/\/\/\/\/\/\/\/\/\/\/\/\/
2022-09-22 17:42:34,385: INFO: ************** test_searchCustomerByName *************
2022-09-22 17:42:35,986: INFO: ************** Logging In **************
2022-09-22 17:42:39,178: INFO: ************** Traveling to Customers Page **************
2022-09-22 17:42:41,491: INFO: ************** Searching Customer by Name **************
2022-09-22 17:42:47,210: INFO: ************** Searching Customer by Name Not Successful **************
2022-09-22 17:50:05,119: INFO: 000000000000000000000000000000000000000000000000
2022-09-22 17:50:05,149: INFO: ************** Test_004_SearchCustomer *************
2022-09-22 17:50:05,151: INFO: ************** test_searchCustomerByEmail *************
2022-09-22 17:50:06,882: INFO: ************** Logging In **************
2022-09-22 17:50:09,843: INFO: ************** Traveling to Customers Page **************
2022-09-22 17:50:11,373: INFO: ************** Searching Customer by Email **************
2022-09-22 17:50:19,203: INFO: \/\/\/\/\/\/\/\/\/\/\/\/\/\/\/\/\/\/\/\/\/\/\/\/\/
2022-09-22 17:50:19,229: INFO: ************** test_searchCustomerByName *************
2022-09-22 17:50:20,440: INFO: ************** Logging In **************
2022-09-22 17:50:23,010: INFO: ************** Traveling to Customers Page **************
2022-09-22 17:50:24,641: INFO: ************** Searching Customer by Name **************
2022-09-22 17:50:30,439: INFO: ************** Searching Customer by Name Not Successful **************
2022-09-22 17:55:38,003: INFO: 000000000000000000000000000000000000000000000000
2022-09-22 17:55:38,006: INFO: ************** Test_004_SearchCustomer *************
2022-09-22 17:55:38,006: INFO: ************** test_searchCustomerByEmail *************
2022-09-22 17:55:40,694: INFO: ************** Logging In **************
2022-09-22 17:55:48,182: INFO: ************** Traveling to Customers Page **************
2022-09-22 17:55:53,707: INFO: \/\/\/\/\/\/\/\/\/\/\/\/\/\/\/\/\/\/\/\/\/\/\/\/\/
2022-09-22 17:55:53,756: INFO: ************** test_searchCustomerByName *************
2022-09-22 17:55:56,167: INFO: ************** Logging In **************
2022-09-22 17:56:00,152: INFO: ************** Traveling to Customers Page **************
2022-09-22 17:56:02,437: INFO: ************** Searching Customer by Name **************
2022-09-22 17:56:08,428: INFO: ************** Searching Customer by Name Not Successful **************
2022-09-22 18:00:59,732: INFO: 000000000000000000000000000000000000000000000000
2022-09-22 18:00:59,775: INFO: ************** Test_004_SearchCustomer *************
2022-09-22 18:00:59,806: INFO: ************** test_searchCustomerByEmail *************
2022-09-22 18:01:00,837: INFO: ************** Logging In **************
2022-09-22 18:01:03,357: INFO: ************** Traveling to Customers Page **************
2022-09-22 18:01:04,789: INFO: ************** Searching Customer by Email **************
2022-09-22 18:01:10,494: INFO: ************** Searching Customer by Email Not Successful **************
2022-09-22 18:01:13,538: INFO: \/\/\/\/\/\/\/\/\/\/\/\/\/\/\/\/\/\/\/\/\/\/\/\/\/
2022-09-22 18:01:13,545: INFO: ************** test_searchCustomerByName *************
2022-09-22 18:01:14,439: INFO: ************** Logging In **************
2022-09-22 18:01:16,662: INFO: ************** Traveling to Customers Page **************
2022-09-22 18:01:18,101: INFO: ************** Searching Customer by Name **************
2022-09-22 18:01:23,768: INFO: ************** Searching Customer by Name Not Successful **************
2022-09-22 18:05:02,811: INFO: 000000000000000000000000000000000000000000000000
2022-09-22 18:05:02,828: INFO: ************** Test_004_SearchCustomer *************
2022-09-22 18:05:02,828: INFO: ************** test_searchCustomerByEmail *************
2022-09-22 18:05:04,100: INFO: ************** Logging In **************
2022-09-22 18:05:06,138: INFO: ************** Traveling to Customers Page **************
2022-09-22 18:05:07,490: INFO: ************** Searching Customer by Email **************
2022-09-22 18:05:13,107: INFO: ************** Searching Customer by Email Not Successful **************
2022-09-22 18:05:15,989: INFO: \/\/\/\/\/\/\/\/\/\/\/\/\/\/\/\/\/\/\/\/\/\/\/\/\/
2022-09-22 18:05:16,020: INFO: ************** test_searchCustomerByName *************
2022-09-22 18:05:16,930: INFO: ************** Logging In **************
2022-09-22 18:05:19,148: INFO: ************** Traveling to Customers Page **************
2022-09-22 18:05:20,512: INFO: ************** Searching Customer by Name **************
2022-09-22 18:05:26,240: INFO: ************** Searching Customer by Name Not Successful **************
2022-09-22 18:07:50,954: INFO: 000000000000000000000000000000000000000000000000
2022-09-22 18:07:51,026: INFO: ************** Test_004_SearchCustomer *************
2022-09-22 18:07:51,147: INFO: ************** test_searchCustomerByEmail *************
2022-09-22 18:07:52,233: INFO: ************** Logging In **************
2022-09-22 18:07:54,549: INFO: ************** Traveling to Customers Page **************
2022-09-22 18:07:55,960: INFO: ************** Searching Customer by Email **************
2022-09-22 18:08:01,585: INFO: ************** Searching Customer by Email Not Successful **************
2022-09-22 18:08:04,570: INFO: \/\/\/\/\/\/\/\/\/\/\/\/\/\/\/\/\/\/\/\/\/\/\/\/\/
2022-09-22 18:08:04,576: INFO: ************** test_searchCustomerByName *************
2022-09-22 18:08:05,585: INFO: ************** Logging In **************
2022-09-22 18:08:07,765: INFO: ************** Traveling to Customers Page **************
2022-09-22 18:08:09,034: INFO: ************** Searching Customer by Name **************
2022-09-22 18:08:14,651: INFO: ************** Searching Customer by Name Not Successful **************
2022-09-22 18:09:22,229: INFO: 000000000000000000000000000000000000000000000000
2022-09-22 18:09:22,268: INFO: ************** Test_004_SearchCustomer *************
2022-09-22 18:09:22,327: INFO: ************** test_searchCustomerByEmail *************
2022-09-22 18:09:23,437: INFO: ************** Logging In **************
2022-09-22 18:09:25,918: INFO: ************** Traveling to Customers Page **************
2022-09-22 18:09:27,828: INFO: ************** Searching Customer by Email **************
2022-09-22 18:09:33,514: INFO: ************** Searching Customer by Email Not Successful **************
2022-09-22 18:09:36,563: INFO: \/\/\/\/\/\/\/\/\/\/\/\/\/\/\/\/\/\/\/\/\/\/\/\/\/
2022-09-22 18:09:36,584: INFO: ************** test_searchCustomerByName *************
2022-09-22 18:09:37,663: INFO: ************** Logging In **************
2022-09-22 18:09:39,957: INFO: ************** Traveling to Customers Page **************
2022-09-22 18:09:41,514: INFO: ************** Searching Customer by Name **************
2022-09-22 18:09:47,347: INFO: ************** Searching Customer by Name Not Successful **************
2022-09-22 18:14:14,052: INFO: 000000000000000000000000000000000000000000000000
2022-09-22 18:14:14,054: INFO: ************** Test_004_SearchCustomer *************
2022-09-22 18:14:14,055: INFO: ************** test_searchCustomerByEmail *************
2022-09-22 18:14:15,395: INFO: ************** Logging In **************
2022-09-22 18:14:17,595: INFO: ************** Traveling to Customers Page **************
2022-09-22 18:14:18,989: INFO: ************** Searching Customer by Email **************
2022-09-22 18:14:24,630: INFO: ************** Searching Customer by Email Not Successful **************
2022-09-22 18:14:27,461: INFO: \/\/\/\/\/\/\/\/\/\/\/\/\/\/\/\/\/\/\/\/\/\/\/\/\/
2022-09-22 18:14:27,467: INFO: ************** test_searchCustomerByName *************
2022-09-22 18:14:29,316: INFO: ************** Logging In **************
2022-09-22 18:14:31,447: INFO: ************** Traveling to Customers Page **************
2022-09-22 18:14:32,804: INFO: ************** Searching Customer by Name **************
2022-09-22 18:23:12,985: INFO: 000000000000000000000000000000000000000000000000
2022-09-22 18:23:12,990: INFO: ************** Test_004_SearchCustomer *************
2022-09-22 18:23:12,990: INFO: ************** test_searchCustomerByEmail *************
2022-09-22 18:23:14,484: INFO: ************** Logging In **************
2022-09-22 18:23:17,128: INFO: ************** Traveling to Customers Page **************
2022-09-22 18:23:18,521: INFO: ************** Searching Customer by Email **************
2022-09-22 18:23:26,675: INFO: \/\/\/\/\/\/\/\/\/\/\/\/\/\/\/\/\/\/\/\/\/\/\/\/\/
2022-09-22 18:23:26,754: INFO: ************** test_searchCustomerByName *************
2022-09-22 18:23:27,909: INFO: ************** Logging In **************
2022-09-22 18:23:30,194: INFO: ************** Traveling to Customers Page **************
2022-09-22 18:23:31,473: INFO: ************** Searching Customer by Name **************
2022-09-22 18:23:37,198: INFO: ************** Searching Customer by Name Not Successful **************
2022-09-22 18:56:15,989: INFO: 000000000000000000000000000000000000000000000000
2022-09-22 18:56:15,993: INFO: ************** Test_004_SearchCustomer *************
2022-09-22 18:56:15,993: INFO: ************** test_searchCustomerByEmail *************
2022-09-22 18:56:17,231: INFO: ************** Logging In **************
2022-09-22 18:56:19,586: INFO: ************** Traveling to Customers Page **************
2022-09-22 18:56:20,904: INFO: ************** Searching Customer by Email **************
2022-09-22 18:56:29,042: INFO: \/\/\/\/\/\/\/\/\/\/\/\/\/\/\/\/\/\/\/\/\/\/\/\/\/
2022-09-22 18:56:29,057: INFO: ************** test_searchCustomerByName *************
2022-09-22 18:56:30,572: INFO: ************** Logging In **************
2022-09-22 18:56:33,274: INFO: ************** Traveling to Customers Page **************
2022-09-22 18:56:35,663: INFO: ************** Searching Customer by Name **************
2022-09-22 18:57:45,871: INFO: 000000000000000000000000000000000000000000000000
2022-09-22 18:57:45,879: INFO: ************** Test_004_SearchCustomer *************
2022-09-22 18:57:45,879: INFO: ************** test_searchCustomerByEmail *************
2022-09-22 18:57:47,335: INFO: ************** Logging In **************
2022-09-22 18:57:49,820: INFO: ************** Traveling to Customers Page **************
2022-09-22 18:57:51,321: INFO: ************** Searching Customer by Email **************
2022-09-22 18:57:59,400: INFO: \/\/\/\/\/\/\/\/\/\/\/\/\/\/\/\/\/\/\/\/\/\/\/\/\/
2022-09-22 18:57:59,414: INFO: ************** test_searchCustomerByName *************
2022-09-22 18:58:00,400: INFO: ************** Logging In **************
2022-09-22 18:58:02,651: INFO: ************** Traveling to Customers Page **************
2022-09-22 18:58:04,104: INFO: ************** Searching Customer by Name **************
2022-09-22 18:58:09,823: INFO: ************** Searching Customer by Name Not Successful **************
2022-09-22 19:02:14,480: INFO: 000000000000000000000000000000000000000000000000
2022-09-22 19:02:14,493: INFO: ************** Test_004_SearchCustomer *************
2022-09-22 19:02:14,572: INFO: ************** test_searchCustomerByEmail *************
2022-09-22 19:02:15,662: INFO: ************** Logging In **************
2022-09-22 19:02:17,994: INFO: ************** Traveling to Customers Page **************
2022-09-22 19:02:19,482: INFO: ************** Searching Customer by Email **************
2022-09-22 19:02:22,360: INFO: \/\/\/\/\/\/\/\/\/\/\/\/\/\/\/\/\/\/\/\/\/\/\/\/\/
2022-09-22 19:02:22,383: INFO: ************** test_searchCustomerByName *************
2022-09-22 19:02:23,857: INFO: ************** Logging In **************
2022-09-22 19:02:26,109: INFO: ************** Traveling to Customers Page **************
2022-09-22 19:02:27,486: INFO: ************** Searching Customer by Name **************
2022-09-22 19:02:33,321: INFO: ************** Searching Customer by Name Not Successful **************
2022-09-22 19:03:19,070: INFO: 000000000000000000000000000000000000000000000000
2022-09-22 19:03:19,071: INFO: ************** Test_004_SearchCustomer *************
2022-09-22 19:03:19,071: INFO: ************** test_searchCustomerByEmail *************
2022-09-22 19:03:20,377: INFO: ************** Logging In **************
2022-09-22 19:03:22,818: INFO: ************** Traveling to Customers Page **************
2022-09-22 19:03:24,579: INFO: ************** Searching Customer by Email **************
2022-09-22 19:03:30,143: INFO: ************** Searching Customer by Email Successful **************
2022-09-22 19:03:33,171: INFO: \/\/\/\/\/\/\/\/\/\/\/\/\/\/\/\/\/\/\/\/\/\/\/\/\/
2022-09-22 19:03:33,193: INFO: ************** test_searchCustomerByName *************
2022-09-22 19:03:34,305: INFO: ************** Logging In **************
2022-09-22 19:03:36,935: INFO: ************** Traveling to Customers Page **************
2022-09-22 19:03:39,303: INFO: ************** Searching Customer by Name **************
2022-09-22 19:03:45,487: INFO: ************** Searching Customer by Name Not Successful **************
2022-09-22 19:11:12,749: INFO: 000000000000000000000000000000000000000000000000
2022-09-22 19:11:12,756: INFO: ************** Test_004_SearchCustomer *************
2022-09-22 19:11:12,757: INFO: ************** test_searchCustomerByEmail *************
2022-09-22 19:11:14,115: INFO: ************** Logging In **************
2022-09-22 19:11:16,748: INFO: ************** Traveling to Customers Page **************
2022-09-22 19:11:18,144: INFO: ************** Searching Customer by Email **************
2022-09-22 19:11:23,520: INFO: ************** Searching Customer by Email Successful **************
2022-09-22 19:11:26,130: INFO: \/\/\/\/\/\/\/\/\/\/\/\/\/\/\/\/\/\/\/\/\/\/\/\/\/
2022-09-22 19:11:26,140: INFO: ************** test_searchCustomerByName *************
2022-09-22 19:11:27,571: INFO: ************** Logging In **************
2022-09-22 19:11:29,852: INFO: ************** Traveling to Customers Page **************
2022-09-22 19:11:31,194: INFO: ************** Searching Customer by Name **************
2022-09-22 19:11:36,613: INFO: ************** Searching Customer by Name Successful **************
2022-09-22 19:12:25,278: INFO: 000000000000000000000000000000000000000000000000
2022-09-22 19:12:25,383: INFO: ************** Test_004_SearchCustomer *************
2022-09-22 19:12:25,407: INFO: ************** test_searchCustomerByEmail *************
2022-09-22 19:12:26,570: INFO: ************** Logging In **************
2022-09-22 19:12:29,313: INFO: ************** Traveling to Customers Page **************
2022-09-22 19:12:31,505: INFO: ************** Searching Customer by Email **************
2022-09-22 19:12:36,928: INFO: ************** Searching Customer by Email Successful **************
2022-09-22 19:12:40,293: INFO: \/\/\/\/\/\/\/\/\/\/\/\/\/\/\/\/\/\/\/\/\/\/\/\/\/
2022-09-22 19:12:40,303: INFO: ************** test_searchCustomerByName *************
2022-09-22 19:12:41,220: INFO: ************** Logging In **************
2022-09-22 19:12:43,586: INFO: ************** Traveling to Customers Page **************
2022-09-22 19:12:45,034: INFO: ************** Searching Customer by Name **************
2022-09-22 19:12:50,448: INFO: ************** Searching Customer by Name Successful **************
2022-09-22 19:14:53,712: INFO: 000000000000000000000000000000000000000000000000
2022-09-22 19:14:53,717: INFO: ************** Test_004_SearchCustomer *************
2022-09-22 19:14:53,750: INFO: ************** test_searchCustomerByEmail *************
2022-09-22 19:14:54,945: INFO: ************** Logging In **************
2022-09-22 19:14:57,436: INFO: ************** Traveling to Customers Page **************
2022-09-22 19:14:58,964: INFO: ************** Searching Customer by Email **************
2022-09-22 19:15:04,397: INFO: ************** Searching Customer by Email Successful **************
2022-09-22 19:15:07,494: INFO: \/\/\/\/\/\/\/\/\/\/\/\/\/\/\/\/\/\/\/\/\/\/\/\/\/
2022-09-22 19:15:07,519: INFO: ************** test_searchCustomerByName *************
2022-09-22 19:15:08,522: INFO: ************** Logging In **************
2022-09-22 19:15:10,771: INFO: ************** Traveling to Customers Page **************
2022-09-22 19:15:12,211: INFO: ************** Searching Customer by Name **************
2022-09-22 19:22:43,643: INFO: 000000000000000000000000000000000000000000000000
2022-09-22 19:22:43,729: INFO: ************** Test_004_SearchCustomer *************
2022-09-22 19:22:43,730: INFO: ************** test_searchCustomerByEmail *************
2022-09-22 19:22:47,576: INFO: ************** Logging In **************
2022-09-22 19:22:49,912: INFO: ************** Traveling to Customers Page **************
2022-09-22 19:22:51,355: INFO: ************** Searching Customer by Email **************
2022-09-22 19:22:56,707: INFO: ************** Searching Customer by Email Successful **************
2022-09-22 19:22:59,698: INFO: \/\/\/\/\/\/\/\/\/\/\/\/\/\/\/\/\/\/\/\/\/\/\/\/\/
2022-09-22 19:22:59,721: INFO: ************** test_searchCustomerByName *************
2022-09-22 19:23:00,636: INFO: ************** Logging In **************
2022-09-22 19:23:02,916: INFO: ************** Traveling to Customers Page **************
2022-09-22 19:23:04,425: INFO: ************** Searching Customer by Name **************
2022-09-22 19:23:10,061: INFO: ************** Searching Customer by Name Not Successful **************
2022-09-22 19:44:31,147: INFO: 000000000000000000000000000000000000000000000000
2022-09-22 19:44:31,212: INFO: ************** Test_004_SearchCustomer *************
2022-09-22 19:44:31,260: INFO: ************** test_searchCustomerByEmail *************
2022-09-22 19:44:32,448: INFO: ************** Logging In **************
2022-09-22 19:44:34,901: INFO: ************** Traveling to Customers Page **************
2022-09-22 19:44:36,312: INFO: ************** Searching Customer by Email **************
2022-09-22 19:44:41,747: INFO: ************** Searching Customer by Email Successful **************
2022-09-22 19:44:44,707: INFO: \/\/\/\/\/\/\/\/\/\/\/\/\/\/\/\/\/\/\/\/\/\/\/\/\/
2022-09-22 19:44:44,751: INFO: ************** test_searchCustomerByName *************
2022-09-22 19:44:48,670: INFO: ************** Logging In **************
2022-09-22 19:44:51,004: INFO: ************** Traveling to Customers Page **************
2022-09-22 19:44:52,478: INFO: ************** Searching Customer by Name **************
2022-09-22 19:44:58,131: INFO: ************** Searching Customer by Name Not Successful **************
2022-09-22 19:49:17,020: INFO: ************** Test_001_Login **************
2022-09-22 19:49:17,074: INFO: ************** Verifying Home Page Title **************
2022-09-22 19:49:21,492: ERROR: ************** Home Page title has failed **************
2022-09-22 19:49:24,486: INFO: ************** Verifying Login **************
2022-09-22 19:49:27,900: INFO: ************** Login has passed **************
2022-09-22 19:50:00,399: INFO: ************** Test_001_Login **************
2022-09-22 19:50:00,425: INFO: ************** Verifying Home Page Title **************
2022-09-22 19:50:02,037: INFO: ************** Home Page title has passed **************
2022-09-22 19:50:04,958: INFO: ************** Verifying Login **************
2022-09-22 19:50:08,385: INFO: ************** Login has passed **************
2022-09-22 20:18:04,415: INFO: 000000000000000000000000000000000000000000000000
2022-09-22 20:18:04,435: INFO: ************** Test_002_DDT_Login *************
2022-09-22 20:18:04,435: INFO: ************** Verifying Login DDT Test **************
2022-09-22 20:18:13,169: INFO: *** Passed ***
2022-09-22 20:18:19,402: INFO: *** Failed (I couldn't log in with these valid credentials) ***
2022-09-22 20:18:19,402: INFO: *** Username: admin@yourstore.com Password: adm***
2022-09-22 20:18:24,925: INFO: *** Passed ***
2022-09-22 20:18:30,573: INFO: *** Passed ***
2022-09-22 20:18:30,821: INFO: ************** Login DDT has passed **************
2022-09-22 20:18:30,821: INFO: ********** Completed Test_002_DDT_Login ************
2022-09-23 15:09:33,911: INFO: 000000000000000000000000000000000000000000000000
2022-09-23 15:09:33,913: INFO: ************** Test_002_DDT_Login *************
2022-09-23 15:09:33,913: INFO: ************** Verifying Login DDT Test **************
2022-09-23 15:09:43,499: INFO: *** Passed ***
2022-09-23 15:09:49,805: INFO: *** Failed (I couldn't log in with these valid credentials) ***
2022-09-23 15:09:50,079: INFO: *** Username: admin@yourstore.com Password: adm***
2022-09-23 15:09:55,558: INFO: *** Passed ***
2022-09-23 15:10:01,216: INFO: *** Passed ***
2022-09-23 15:10:01,402: INFO: ************** Login DDT has passed **************
2022-09-23 15:10:01,402: INFO: ********** Completed Test_002_DDT_Login ************
2022-09-23 15:17:52,841: INFO: 000000000000000000000000000000000000000000000000
2022-09-23 15:17:52,843: INFO: ************** Test_002_DDT_Login *************
2022-09-23 15:17:52,843: INFO: ************** Verifying Login DDT Test **************
2022-09-23 15:18:01,365: INFO: *** Row {} login data has Passed ***
2022-09-23 15:18:07,958: INFO: *** Failed (I couldn't log in with these valid credentials) ***
2022-09-23 15:18:07,959: INFO: *** Row 3, Username: admin@yourstore.com Password: adm ***
2022-09-23 15:18:13,426: INFO: *** Passed ***
2022-09-23 15:18:19,025: INFO: *** Passed ***
2022-09-23 15:18:19,232: INFO: ************** Login DDT has passed **************
2022-09-23 15:18:19,232: INFO: ********** Completed Test_002_DDT_Login ************
2022-09-23 15:23:43,335: INFO: 000000000000000000000000000000000000000000000000
2022-09-23 15:23:43,386: INFO: ************** Test_002_DDT_Login *************
2022-09-23 15:23:43,386: INFO: ************** Verifying Login DDT Test **************
2022-09-23 15:23:52,346: INFO: *** Row 2 login data has Passed ***
2022-09-23 15:23:59,157: INFO: *** Failed (I couldn't log in with these valid credentials) ***
2022-09-23 15:23:59,157: INFO: *** Row 3, Username: admin@yourstore.com Password: adm ***
2022-09-23 15:24:04,666: INFO: *** Row 4 login data has Passed ***
2022-09-23 15:24:10,256: INFO: *** Row 5 login data has Passed ***
2022-09-23 15:24:10,366: INFO: ************** Login DDT has passed **************
2022-09-23 15:24:10,366: INFO: ************** status list: ['Pass'] **************
2022-09-23 15:24:10,366: INFO: ********** Completed Test_002_DDT_Login ************
2022-09-23 15:56:56,710: INFO: 000000000000000000000000000000000000000000000000
2022-09-23 15:56:56,710: INFO: 000000000000000000000000000000000000000000000000
2022-09-23 15:56:56,710: INFO: 000000000000000000000000000000000000000000000000
2022-09-23 15:56:56,710: INFO: 000000000000000000000000000000000000000000000000
2022-09-23 15:56:56,710: INFO: 000000000000000000000000000000000000000000000000
2022-09-23 15:56:56,715: INFO: ************** Test_003_AddCustomer *************
2022-09-23 15:56:56,715: INFO: ************** Test_003_AddCustomer *************
2022-09-23 15:56:56,715: INFO: ************** Test_003_AddCustomer *************
2022-09-23 15:56:56,715: INFO: ************** Test_003_AddCustomer *************
2022-09-23 15:56:56,715: INFO: ************** Test_003_AddCustomer *************
2022-09-23 15:56:57,849: INFO: ************** Logging in **************
2022-09-23 15:56:57,849: INFO: ************** Logging in **************
2022-09-23 15:56:57,849: INFO: ************** Logging in **************
2022-09-23 15:56:57,849: INFO: ************** Logging in **************
2022-09-23 15:56:57,849: INFO: ************** Logging in **************
2022-09-23 15:57:00,478: INFO: ************** Going to Customers Page **************
2022-09-23 15:57:00,478: INFO: ************** Going to Customers Page **************
2022-09-23 15:57:00,478: INFO: ************** Going to Customers Page **************
2022-09-23 15:57:00,478: INFO: ************** Going to Customers Page **************
2022-09-23 15:57:00,478: INFO: ************** Going to Customers Page **************
2022-09-23 15:57:03,272: INFO: ************** Adding New Customer **************
2022-09-23 15:57:03,272: INFO: ************** Adding New Customer **************
2022-09-23 15:57:03,272: INFO: ************** Adding New Customer **************
2022-09-23 15:57:03,272: INFO: ************** Adding New Customer **************
2022-09-23 15:57:03,272: INFO: ************** Adding New Customer **************
2022-09-23 15:57:24,677: INFO: ************** Cutomer Successfully Added **************
2022-09-23 15:57:24,677: INFO: ************** Cutomer Successfully Added **************
2022-09-23 15:57:24,677: INFO: ************** Cutomer Successfully Added **************
2022-09-23 15:57:24,677: INFO: ************** Cutomer Successfully Added **************
2022-09-23 15:57:24,677: INFO: ************** Cutomer Successfully Added **************
2022-09-23 15:57:27,867: INFO: ************** Verifying Login **************
2022-09-23 15:57:27,867: INFO: ************** Verifying Login **************
2022-09-23 15:57:27,867: INFO: ************** Verifying Login **************
2022-09-23 15:57:27,867: INFO: ************** Verifying Login **************
2022-09-23 15:57:27,867: INFO: ************** Verifying Login **************
2022-09-23 15:57:31,569: INFO: ************** Login has passed **************
2022-09-23 15:57:31,569: INFO: ************** Login has passed **************
2022-09-23 15:57:31,569: INFO: ************** Login has passed **************
2022-09-23 15:57:31,569: INFO: ************** Login has passed **************
2022-09-23 15:57:31,569: INFO: ************** Login has passed **************
2022-09-23 17:13:56,068: INFO: 000000000000000000000000000000000000000000000000
2022-09-23 17:13:56,070: INFO: ************** Test_004_SearchCustomer *************
2022-09-23 17:13:56,070: INFO: ************** test_searchCustomerByEmail *************
2022-09-23 17:13:57,581: INFO: ************** Logging In **************
2022-09-23 17:14:00,116: INFO: ************** Traveling to Customers Page **************
2022-09-23 17:14:02,668: INFO: ************** Searching Customer by Email **************
2022-09-23 17:14:08,099: INFO: ************** Searching Customer by Email Successful **************
2022-09-23 17:16:14,916: INFO: 000000000000000000000000000000000000000000000000
2022-09-23 17:16:14,917: INFO: ************** Test_004_SearchCustomer *************
2022-09-23 17:16:14,917: INFO: ************** test_searchCustomerByEmail *************
2022-09-23 17:16:15,873: INFO: ************** Logging In **************
2022-09-23 17:16:18,804: INFO: ************** Traveling to Customers Page **************
2022-09-23 17:16:20,414: INFO: ************** Searching Customer by Email **************
2022-09-23 17:16:26,157: INFO: ************** Searching Customer by Email Not Successful **************
2022-09-23 17:17:21,975: INFO: 000000000000000000000000000000000000000000000000
2022-09-23 17:17:22,009: INFO: ************** Test_004_SearchCustomer *************
2022-09-23 17:17:22,033: INFO: ************** test_searchCustomerByEmail *************
2022-09-23 17:17:23,018: INFO: ************** Logging In **************
2022-09-23 17:17:26,040: INFO: ************** Traveling to Customers Page **************
2022-09-23 17:17:28,500: INFO: ************** Searching Customer by Email **************
2022-09-23 17:17:34,187: INFO: ************** Searching Customer by Email Not Successful **************
2022-09-23 17:20:45,466: INFO: 000000000000000000000000000000000000000000000000
2022-09-23 17:20:45,468: INFO: ************** Test_004_SearchCustomer *************
2022-09-23 17:20:45,469: INFO: ************** test_searchCustomerByEmail *************
2022-09-23 17:20:47,163: INFO: ************** Logging In **************
2022-09-23 17:20:49,779: INFO: ************** Traveling to Customers Page **************
2022-09-23 17:23:04,197: INFO: 000000000000000000000000000000000000000000000000
2022-09-23 17:23:04,198: INFO: ************** Test_004_SearchCustomer *************
2022-09-23 17:23:04,198: INFO: ************** test_searchCustomerByEmail *************
2022-09-23 17:23:05,132: INFO: ************** Logging In **************
2022-09-23 17:23:07,522: INFO: ************** Traveling to Customers Page **************
2022-09-23 17:23:08,913: INFO: ************** Searching Customer by Email **************
2022-09-23 17:23:14,351: INFO: ************** Searching Customer by Email Successful **************
2025-02-13 13:58:03,102: INFO: ************** Test_001_Login **************
2025-02-13 13:58:03,106: INFO: ************** Verifying Home Page Title **************
2025-02-13 13:58:04,910: ERROR: ************** Home Page title has failed **************
2025-02-13 13:58:07,111: INFO: ************** Verifying Login **************
2025-02-13 13:58:10,154: ERROR: ************** Login title has failed **************
2025-02-13 14:02:50,112: INFO: ************** Test_001_Login **************
2025-02-13 14:02:50,175: INFO: ************** Verifying Home Page Title **************
2025-02-13 14:02:51,140: INFO: ************** Home Page title has passed **************
2025-02-13 14:02:54,264: INFO: ************** Verifying Login **************
2025-02-13 14:02:58,456: ERROR: ************** Login title has failed **************
2025-02-13 14:07:06,429: INFO: ************** Test_001_Login **************
2025-02-13 14:07:06,458: INFO: ************** Verifying Home Page Title **************
2025-02-13 14:07:07,840: INFO: ************** Home Page title has passed **************
2025-02-13 14:07:09,958: INFO: ************** Verifying Login **************
2025-02-13 14:07:11,983: INFO: The title the webdriver retreived Just a moment...
2025-02-13 14:07:12,682: ERROR: ************** Login title has failed **************
2025-02-13 14:22:29,815: INFO: ************** Test_001_Login **************
2025-02-13 14:22:29,847: INFO: ************** Verifying Home Page Title **************
2025-02-13 14:22:30,851: INFO: ************** Home Page title has passed **************
2025-02-13 14:22:32,979: INFO: ************** Verifying Login **************
2025-02-13 14:22:35,003: ERROR: ************** Page did not load within timeout **************
2025-02-13 14:22:35,012: INFO: The title the webdriver retreived Just a moment...
2025-02-13 14:22:35,644: ERROR: ************** Login title has failed **************
2025-02-13 14:23:16,564: INFO: ************** Test_001_Login **************
2025-02-13 14:23:16,580: INFO: ************** Verifying Home Page Title **************
2025-02-13 14:23:17,651: INFO: ************** Home Page title has passed **************
2025-02-13 14:23:19,785: INFO: ************** Verifying Login **************
2025-02-13 14:23:21,857: ERROR: ************** Page did not load within timeout **************
2025-02-13 14:23:21,866: INFO: The title the webdriver retreived Just a moment...
2025-02-13 14:23:22,477: ERROR: ************** Login title has failed **************
2025-02-13 14:25:32,372: INFO: ************** Test_001_Login **************
2025-02-13 14:25:32,408: INFO: ************** Verifying Home Page Title **************
2025-02-13 14:25:33,455: INFO: ************** Home Page title has passed **************
2025-02-13 14:25:35,573: INFO: ************** Verifying Login **************
2025-02-13 14:25:37,411: ERROR: ************** Page did not load within timeout **************
2025-02-13 14:25:37,420: INFO: The title the webdriver retreived Just a moment...
2025-02-13 14:25:38,017: ERROR: ************** Login title has failed **************
2025-02-13 14:28:31,639: INFO: ************** Test_001_Login **************
2025-02-13 14:28:31,673: INFO: ************** Verifying Home Page Title **************
2025-02-13 14:28:32,650: INFO: ************** Home Page title has passed **************
2025-02-13 14:28:34,794: INFO: ************** Verifying Login **************
2025-02-13 14:28:41,818: ERROR: ************** Page did not load within timeout **************
2025-02-13 14:28:41,828: INFO: The title the webdriver retreived Just a moment...
2025-02-13 14:28:42,247: ERROR: ************** Login title has failed **************
2025-02-13 14:29:06,972: INFO: ************** Test_001_Login **************
2025-02-13 14:29:06,989: INFO: ************** Verifying Home Page Title **************
2025-02-13 14:29:08,057: INFO: ************** Home Page title has passed **************
2025-02-13 14:29:10,115: INFO: ************** Verifying Login **************
2025-02-13 14:29:17,150: ERROR: ************** Page did not load within timeout **************
2025-02-13 14:29:17,155: INFO: The title the webdriver retreived Just a moment...
2025-02-13 14:29:17,579: ERROR: ************** Login title has failed **************
2025-02-13 14:31:31,797: INFO: ************** Test_001_Login **************
2025-02-13 14:31:31,825: INFO: ************** Verifying Home Page Title **************
2025-02-13 14:31:32,803: INFO: ************** Home Page title has passed **************
2025-02-13 14:31:34,999: INFO: ************** Verifying Login **************
2025-02-13 14:31:42,095: ERROR: ************** Page did not load within timeout **************
2025-02-13 14:31:42,105: INFO: The title the webdriver retreived Just a moment...
2025-02-13 14:31:42,601: ERROR: ************** Login title has failed **************
2025-02-13 14:31:59,093: INFO: ************** Test_001_Login **************
2025-02-13 14:31:59,116: INFO: ************** Verifying Home Page Title **************
2025-02-13 14:32:00,117: INFO: ************** Home Page title has passed **************
2025-02-13 14:32:02,272: INFO: ************** Verifying Login **************
2025-02-13 14:32:14,486: ERROR: ************** Page did not load within timeout **************
2025-02-13 14:32:14,494: INFO: The title the webdriver retreived Just a moment...
2025-02-13 14:32:15,308: ERROR: ************** Login title has failed **************
